<?xml version="1.0" encoding="UTF-8"?>
<testng-results ignored="0" total="1" passed="1" failed="0" skipped="0">
  <reporter-output>
  </reporter-output>
  <suite started-at="2023-11-17T13:53:14 IST" name="Default suite" finished-at="2023-11-17T13:53:26 IST" duration-ms="11886">
    <groups>
    </groups>
    <test started-at="2023-11-17T13:53:14 IST" name="Default test" finished-at="2023-11-17T13:53:26 IST" duration-ms="11886">
      <class name="mypackage.NewTest">
        <test-method signature="LoginTest()[pri:0, instance:mypackage.NewTest@20ccf40b]" started-at="2023-11-17T13:53:14 IST" name="LoginTest" finished-at="2023-11-17T13:53:26 IST" duration-ms="11829" status="PASS">
          <reporter-output>
          </reporter-output>
        </test-method> <!-- LoginTest -->
      </class> <!-- mypackage.NewTest -->
    </test> <!-- Default test -->
  </suite> <!-- Default suite -->
</testng-results>
